num_banks: 16, img_hb: 720, img_v: 576, num_bankgroups: 4, super_page_size: 32768, k: 1

[OK] No overlaps found. All addresses are unique.

[Memory Fragmentation Analysis]
Metric                    | Value
----------------------------------------
Max Row Index             | 52
Active Banks              | 15
Cols per Bank             | 31
----------------------------------------
Total Window Capacity     | 27,136 slots
Occupied Slots            | 25,920 slots
Empty/Wasted Slots        | 1,216 slots
----------------------------------------
Empty Space %             | 4.4811%
num_banks: 16, img_hb: 1280, img_v: 720, num_bankgroups: 4, super_page_size: 32768, k: 1

[OK] No overlaps found. All addresses are unique.

[Memory Fragmentation Analysis]
Metric                    | Value
----------------------------------------
Max Row Index             | 112
Active Banks              | 15
Cols per Bank             | 31
----------------------------------------
Total Window Capacity     | 57,856 slots
Occupied Slots            | 57,600 slots
Empty/Wasted Slots        | 256 slots
----------------------------------------
Empty Space %             | 0.4425%
num_banks: 16, img_hb: 1920, img_v: 1080, num_bankgroups: 4, super_page_size: 32768, k: 1

[OK] No overlaps found. All addresses are unique.

[Memory Fragmentation Analysis]
Metric                    | Value
----------------------------------------
Max Row Index             | 255
Active Banks              | 15
Cols per Bank             | 31
----------------------------------------
Total Window Capacity     | 131,072 slots
Occupied Slots            | 129,600 slots
Empty/Wasted Slots        | 1,472 slots
----------------------------------------
Empty Space %             | 1.1230%
num_banks: 16, img_hb: 2048, img_v: 1080, num_bankgroups: 4, super_page_size: 32768, k: 1

[OK] No overlaps found. All addresses are unique.

[Memory Fragmentation Analysis]
Metric                    | Value
----------------------------------------
Max Row Index             | 269
Active Banks              | 15
Cols per Bank             | 31
----------------------------------------
Total Window Capacity     | 138,240 slots
Occupied Slots            | 138,240 slots
Empty/Wasted Slots        | 0 slots
----------------------------------------
Empty Space %             | 0.0000%
num_banks: 16, img_hb: 2560, img_v: 1440, num_bankgroups: 4, super_page_size: 32768, k: 1

[OK] No overlaps found. All addresses are unique.

[Memory Fragmentation Analysis]
Metric                    | Value
----------------------------------------
Max Row Index             | 450
Active Banks              | 15
Cols per Bank             | 31
----------------------------------------
Total Window Capacity     | 230,912 slots
Occupied Slots            | 230,400 slots
Empty/Wasted Slots        | 512 slots
----------------------------------------
Empty Space %             | 0.2217%
num_banks: 16, img_hb: 3840, img_v: 2160, num_bankgroups: 4, super_page_size: 32768, k: 1

[OK] No overlaps found. All addresses are unique.

[Memory Fragmentation Analysis]
Metric                    | Value
----------------------------------------
Max Row Index             | 1014
Active Banks              | 15
Cols per Bank             | 31
----------------------------------------
Total Window Capacity     | 519,680 slots
Occupied Slots            | 518,400 slots
Empty/Wasted Slots        | 1,280 slots
----------------------------------------
Empty Space %             | 0.2463%
num_banks: 16, img_hb: 4096, img_v: 2160, num_bankgroups: 4, super_page_size: 32768, k: 1

[OK] No overlaps found. All addresses are unique.

[Memory Fragmentation Analysis]
Metric                    | Value
----------------------------------------
Max Row Index             | 1079
Active Banks              | 15
Cols per Bank             | 31
----------------------------------------
Total Window Capacity     | 552,960 slots
Occupied Slots            | 552,960 slots
Empty/Wasted Slots        | 0 slots
----------------------------------------
Empty Space %             | 0.0000%
num_banks: 16, img_hb: 7680, img_v: 4320, num_bankgroups: 4, super_page_size: 32768, k: 1

[OK] No overlaps found. All addresses are unique.

[Memory Fragmentation Analysis]
Metric                    | Value
----------------------------------------
Max Row Index             | 4052
Active Banks              | 15
Cols per Bank             | 31
----------------------------------------
Total Window Capacity     | 2,075,136 slots
Occupied Slots            | 2,073,600 slots
Empty/Wasted Slots        | 1,536 slots
----------------------------------------
Empty Space %             | 0.0740%
num_banks: 16, img_hb: 15360, img_v: 8640, num_bankgroups: 4, super_page_size: 32768, k: 2

[OK] No overlaps found. All addresses are unique.

[Memory Fragmentation Analysis]
Metric                    | Value
----------------------------------------
Max Row Index             | 16202
Active Banks              | 15
Cols per Bank             | 31
----------------------------------------
Total Window Capacity     | 8,295,936 slots
Occupied Slots            | 8,294,400 slots
Empty/Wasted Slots        | 1,536 slots
----------------------------------------
Empty Space %             | 0.0185%
num_banks: 32, img_hb: 720, img_v: 576, num_bankgroups: 8, super_page_size: 65536, k: 1

[OK] No overlaps found. All addresses are unique.

[Memory Fragmentation Analysis]
Metric                    | Value
----------------------------------------
Max Row Index             | 27
Active Banks              | 31
Cols per Bank             | 31
----------------------------------------
Total Window Capacity     | 28,672 slots
Occupied Slots            | 25,920 slots
Empty/Wasted Slots        | 2,752 slots
----------------------------------------
Empty Space %             | 9.5982%
num_banks: 32, img_hb: 1280, img_v: 720, num_bankgroups: 8, super_page_size: 65536, k: 1

[OK] No overlaps found. All addresses are unique.

[Memory Fragmentation Analysis]
Metric                    | Value
----------------------------------------
Max Row Index             | 56
Active Banks              | 31
Cols per Bank             | 31
----------------------------------------
Total Window Capacity     | 58,368 slots
Occupied Slots            | 57,600 slots
Empty/Wasted Slots        | 768 slots
----------------------------------------
Empty Space %             | 1.3158%
num_banks: 32, img_hb: 1920, img_v: 1080, num_bankgroups: 8, super_page_size: 65536, k: 1

[OK] No overlaps found. All addresses are unique.

[Memory Fragmentation Analysis]
Metric                    | Value
----------------------------------------
Max Row Index             | 129
Active Banks              | 31
Cols per Bank             | 31
----------------------------------------
Total Window Capacity     | 133,120 slots
Occupied Slots            | 129,600 slots
Empty/Wasted Slots        | 3,520 slots
----------------------------------------
Empty Space %             | 2.6442%
num_banks: 32, img_hb: 2048, img_v: 1080, num_bankgroups: 8, super_page_size: 65536, k: 1

[OK] No overlaps found. All addresses are unique.

[Memory Fragmentation Analysis]
Metric                    | Value
----------------------------------------
Max Row Index             | 134
Active Banks              | 31
Cols per Bank             | 31
----------------------------------------
Total Window Capacity     | 138,240 slots
Occupied Slots            | 138,240 slots
Empty/Wasted Slots        | 0 slots
----------------------------------------
Empty Space %             | 0.0000%
num_banks: 32, img_hb: 2560, img_v: 1440, num_bankgroups: 8, super_page_size: 65536, k: 1

[OK] No overlaps found. All addresses are unique.

[Memory Fragmentation Analysis]
Metric                    | Value
----------------------------------------
Max Row Index             | 225
Active Banks              | 31
Cols per Bank             | 31
----------------------------------------
Total Window Capacity     | 231,424 slots
Occupied Slots            | 230,400 slots
Empty/Wasted Slots        | 1,024 slots
----------------------------------------
Empty Space %             | 0.4425%
num_banks: 32, img_hb: 3840, img_v: 2160, num_bankgroups: 8, super_page_size: 65536, k: 1

[OK] No overlaps found. All addresses are unique.

[Memory Fragmentation Analysis]
Metric                    | Value
----------------------------------------
Max Row Index             | 508
Active Banks              | 31
Cols per Bank             | 31
----------------------------------------
Total Window Capacity     | 521,216 slots
Occupied Slots            | 518,400 slots
Empty/Wasted Slots        | 2,816 slots
----------------------------------------
Empty Space %             | 0.5403%
num_banks: 32, img_hb: 4096, img_v: 2160, num_bankgroups: 8, super_page_size: 65536, k: 1

[OK] No overlaps found. All addresses are unique.

[Memory Fragmentation Analysis]
Metric                    | Value
----------------------------------------
Max Row Index             | 539
Active Banks              | 31
Cols per Bank             | 31
----------------------------------------
Total Window Capacity     | 552,960 slots
Occupied Slots            | 552,960 slots
Empty/Wasted Slots        | 0 slots
----------------------------------------
Empty Space %             | 0.0000%
num_banks: 32, img_hb: 7680, img_v: 4320, num_bankgroups: 8, super_page_size: 65536, k: 1

[OK] No overlaps found. All addresses are unique.

[Memory Fragmentation Analysis]
Metric                    | Value
----------------------------------------
Max Row Index             | 2027
Active Banks              | 31
Cols per Bank             | 31
----------------------------------------
Total Window Capacity     | 2,076,672 slots
Occupied Slots            | 2,073,600 slots
Empty/Wasted Slots        | 3,072 slots
----------------------------------------
Empty Space %             | 0.1479%
num_banks: 32, img_hb: 15360, img_v: 8640, num_bankgroups: 8, super_page_size: 65536, k: 1

[OK] No overlaps found. All addresses are unique.

[Memory Fragmentation Analysis]
Metric                    | Value
----------------------------------------
Max Row Index             | 8102
Active Banks              | 31
Cols per Bank             | 31
----------------------------------------
Total Window Capacity     | 8,297,472 slots
Occupied Slots            | 8,294,400 slots
Empty/Wasted Slots        | 3,072 slots
----------------------------------------
Empty Space %             | 0.0370%
num_banks: 32, img_hb: 30720, img_v: 17280, num_bankgroups: 8, super_page_size: 65536, k: 2

[OK] No overlaps found. All addresses are unique.

[Memory Fragmentation Analysis]
Metric                    | Value
----------------------------------------
Max Row Index             | 32402
Active Banks              | 31
Cols per Bank             | 31
----------------------------------------
Total Window Capacity     | 33,180,672 slots
Occupied Slots            | 33,177,600 slots
Empty/Wasted Slots        | 3,072 slots
----------------------------------------
Empty Space %             | 0.0093%
num_banks: 48, img_hb: 720, img_v: 576, num_bankgroups: 12, super_page_size: 98304, k: 1

[OK] No overlaps found. All addresses are unique.

[Memory Fragmentation Analysis]
Metric                    | Value
----------------------------------------
Max Row Index             | 18
Active Banks              | 47
Cols per Bank             | 31
----------------------------------------
Total Window Capacity     | 29,184 slots
Occupied Slots            | 25,920 slots
Empty/Wasted Slots        | 3,264 slots
----------------------------------------
Empty Space %             | 11.1842%
num_banks: 48, img_hb: 1280, img_v: 720, num_bankgroups: 12, super_page_size: 98304, k: 1

[OK] No overlaps found. All addresses are unique.

[Memory Fragmentation Analysis]
Metric                    | Value
----------------------------------------
Max Row Index             | 37
Active Banks              | 47
Cols per Bank             | 31
----------------------------------------
Total Window Capacity     | 58,368 slots
Occupied Slots            | 57,600 slots
Empty/Wasted Slots        | 768 slots
----------------------------------------
Empty Space %             | 1.3158%
num_banks: 48, img_hb: 1920, img_v: 1080, num_bankgroups: 12, super_page_size: 98304, k: 1

[OK] No overlaps found. All addresses are unique.

[Memory Fragmentation Analysis]
Metric                    | Value
----------------------------------------
Max Row Index             | 86
Active Banks              | 47
Cols per Bank             | 31
----------------------------------------
Total Window Capacity     | 133,632 slots
Occupied Slots            | 129,600 slots
Empty/Wasted Slots        | 4,032 slots
----------------------------------------
Empty Space %             | 3.0172%
num_banks: 48, img_hb: 2048, img_v: 1080, num_bankgroups: 12, super_page_size: 98304, k: 1

[OK] No overlaps found. All addresses are unique.

[Memory Fragmentation Analysis]
Metric                    | Value
----------------------------------------
Max Row Index             | 89
Active Banks              | 47
Cols per Bank             | 31
----------------------------------------
Total Window Capacity     | 138,240 slots
Occupied Slots            | 138,240 slots
Empty/Wasted Slots        | 0 slots
----------------------------------------
Empty Space %             | 0.0000%
num_banks: 48, img_hb: 2560, img_v: 1440, num_bankgroups: 12, super_page_size: 98304, k: 1

[OK] No overlaps found. All addresses are unique.

[Memory Fragmentation Analysis]
Metric                    | Value
----------------------------------------
Max Row Index             | 150
Active Banks              | 47
Cols per Bank             | 31
----------------------------------------
Total Window Capacity     | 231,936 slots
Occupied Slots            | 230,400 slots
Empty/Wasted Slots        | 1,536 slots
----------------------------------------
Empty Space %             | 0.6623%
num_banks: 48, img_hb: 3840, img_v: 2160, num_bankgroups: 12, super_page_size: 98304, k: 1

[OK] No overlaps found. All addresses are unique.

[Memory Fragmentation Analysis]
Metric                    | Value
----------------------------------------
Max Row Index             | 339
Active Banks              | 47
Cols per Bank             | 31
----------------------------------------
Total Window Capacity     | 522,240 slots
Occupied Slots            | 518,400 slots
Empty/Wasted Slots        | 3,840 slots
----------------------------------------
Empty Space %             | 0.7353%
num_banks: 48, img_hb: 4096, img_v: 2160, num_bankgroups: 12, super_page_size: 98304, k: 1

[OK] No overlaps found. All addresses are unique.

[Memory Fragmentation Analysis]
Metric                    | Value
----------------------------------------
Max Row Index             | 359
Active Banks              | 47
Cols per Bank             | 31
----------------------------------------
Total Window Capacity     | 552,960 slots
Occupied Slots            | 552,960 slots
Empty/Wasted Slots        | 0 slots
----------------------------------------
Empty Space %             | 0.0000%
num_banks: 48, img_hb: 7680, img_v: 4320, num_bankgroups: 12, super_page_size: 98304, k: 1

[OK] No overlaps found. All addresses are unique.

[Memory Fragmentation Analysis]
Metric                    | Value
----------------------------------------
Max Row Index             | 1352
Active Banks              | 47
Cols per Bank             | 31
----------------------------------------
Total Window Capacity     | 2,078,208 slots
Occupied Slots            | 2,073,600 slots
Empty/Wasted Slots        | 4,608 slots
----------------------------------------
Empty Space %             | 0.2217%
num_banks: 48, img_hb: 15360, img_v: 8640, num_bankgroups: 12, super_page_size: 98304, k: 1

[OK] No overlaps found. All addresses are unique.

[Memory Fragmentation Analysis]
Metric                    | Value
----------------------------------------
Max Row Index             | 5402
Active Banks              | 47
Cols per Bank             | 31
----------------------------------------
Total Window Capacity     | 8,299,008 slots
Occupied Slots            | 8,294,400 slots
Empty/Wasted Slots        | 4,608 slots
----------------------------------------
Empty Space %             | 0.0555%
num_banks: 48, img_hb: 30720, img_v: 17280, num_bankgroups: 12, super_page_size: 98304, k: 1

[OK] No overlaps found. All addresses are unique.

[Memory Fragmentation Analysis]
Metric                    | Value
----------------------------------------
Max Row Index             | 21602
Active Banks              | 47
Cols per Bank             | 31
----------------------------------------
Total Window Capacity     | 33,182,208 slots
Occupied Slots            | 33,177,600 slots
Empty/Wasted Slots        | 4,608 slots
----------------------------------------
Empty Space %             | 0.0139%
num_banks: 64, img_hb: 720, img_v: 576, num_bankgroups: 16, super_page_size: 131072, k: 1

[OK] No overlaps found. All addresses are unique.

[Memory Fragmentation Analysis]
Metric                    | Value
----------------------------------------
Max Row Index             | 14
Active Banks              | 63
Cols per Bank             | 31
----------------------------------------
Total Window Capacity     | 30,720 slots
Occupied Slots            | 25,920 slots
Empty/Wasted Slots        | 4,800 slots
----------------------------------------
Empty Space %             | 15.6250%
num_banks: 64, img_hb: 1280, img_v: 720, num_bankgroups: 16, super_page_size: 131072, k: 1

[OK] No overlaps found. All addresses are unique.

[Memory Fragmentation Analysis]
Metric                    | Value
----------------------------------------
Max Row Index             | 28
Active Banks              | 63
Cols per Bank             | 31
----------------------------------------
Total Window Capacity     | 59,392 slots
Occupied Slots            | 57,600 slots
Empty/Wasted Slots        | 1,792 slots
----------------------------------------
Empty Space %             | 3.0172%
num_banks: 64, img_hb: 1920, img_v: 1080, num_bankgroups: 16, super_page_size: 131072, k: 1

[OK] No overlaps found. All addresses are unique.

[Memory Fragmentation Analysis]
Metric                    | Value
----------------------------------------
Max Row Index             | 65
Active Banks              | 63
Cols per Bank             | 31
----------------------------------------
Total Window Capacity     | 135,168 slots
Occupied Slots            | 129,600 slots
Empty/Wasted Slots        | 5,568 slots
----------------------------------------
Empty Space %             | 4.1193%
num_banks: 64, img_hb: 2048, img_v: 1080, num_bankgroups: 16, super_page_size: 131072, k: 1

[OK] No overlaps found. All addresses are unique.

[Memory Fragmentation Analysis]
Metric                    | Value
----------------------------------------
Max Row Index             | 67
Active Banks              | 63
Cols per Bank             | 31
----------------------------------------
Total Window Capacity     | 139,264 slots
Occupied Slots            | 138,240 slots
Empty/Wasted Slots        | 1,024 slots
----------------------------------------
Empty Space %             | 0.7353%
num_banks: 64, img_hb: 2560, img_v: 1440, num_bankgroups: 16, super_page_size: 131072, k: 1

[OK] No overlaps found. All addresses are unique.

[Memory Fragmentation Analysis]
Metric                    | Value
----------------------------------------
Max Row Index             | 112
Active Banks              | 63
Cols per Bank             | 31
----------------------------------------
Total Window Capacity     | 231,424 slots
Occupied Slots            | 230,400 slots
Empty/Wasted Slots        | 1,024 slots
----------------------------------------
Empty Space %             | 0.4425%
num_banks: 64, img_hb: 3840, img_v: 2160, num_bankgroups: 16, super_page_size: 131072, k: 1

[OK] No overlaps found. All addresses are unique.

[Memory Fragmentation Analysis]
Metric                    | Value
----------------------------------------
Max Row Index             | 255
Active Banks              | 63
Cols per Bank             | 31
----------------------------------------
Total Window Capacity     | 524,288 slots
Occupied Slots            | 518,400 slots
Empty/Wasted Slots        | 5,888 slots
----------------------------------------
Empty Space %             | 1.1230%
num_banks: 64, img_hb: 4096, img_v: 2160, num_bankgroups: 16, super_page_size: 131072, k: 1

[OK] No overlaps found. All addresses are unique.

[Memory Fragmentation Analysis]
Metric                    | Value
----------------------------------------
Max Row Index             | 269
Active Banks              | 63
Cols per Bank             | 31
----------------------------------------
Total Window Capacity     | 552,960 slots
Occupied Slots            | 552,960 slots
Empty/Wasted Slots        | 0 slots
----------------------------------------
Empty Space %             | 0.0000%
num_banks: 64, img_hb: 7680, img_v: 4320, num_bankgroups: 16, super_page_size: 131072, k: 1

[OK] No overlaps found. All addresses are unique.

[Memory Fragmentation Analysis]
Metric                    | Value
----------------------------------------
Max Row Index             | 1014
Active Banks              | 63
Cols per Bank             | 31
----------------------------------------
Total Window Capacity     | 2,078,720 slots
Occupied Slots            | 2,073,600 slots
Empty/Wasted Slots        | 5,120 slots
----------------------------------------
Empty Space %             | 0.2463%
num_banks: 64, img_hb: 15360, img_v: 8640, num_bankgroups: 16, super_page_size: 131072, k: 1

[OK] No overlaps found. All addresses are unique.

[Memory Fragmentation Analysis]
Metric                    | Value
----------------------------------------
Max Row Index             | 4052
Active Banks              | 63
Cols per Bank             | 31
----------------------------------------
Total Window Capacity     | 8,300,544 slots
Occupied Slots            | 8,294,400 slots
Empty/Wasted Slots        | 6,144 slots
----------------------------------------
Empty Space %             | 0.0740%
num_banks: 64, img_hb: 30720, img_v: 17280, num_bankgroups: 16, super_page_size: 131072, k: 1

[OK] No overlaps found. All addresses are unique.

[Memory Fragmentation Analysis]
Metric                    | Value
----------------------------------------
Max Row Index             | 16202
Active Banks              | 63
Cols per Bank             | 31
----------------------------------------
Total Window Capacity     | 33,183,744 slots
Occupied Slots            | 33,177,600 slots
Empty/Wasted Slots        | 6,144 slots
----------------------------------------
Empty Space %             | 0.0185%
