num_banks: 16, img_hb: 512, img_v: 512, num_bankgroups: 4, super_page_size: 32768, k: 1
=====================================================================================
16_512_512 LIAM:	 4.4765625
16_512_512 BFAM:	 4.4765625
16_512_512 BGFAM:	 4.4765625
=====================================================================================

num_banks: 16, img_hb: 1024, img_v: 1024, num_bankgroups: 4, super_page_size: 32768, k: 1
=====================================================================================
16_1024_1024 LIAM:	 6.73828125
16_1024_1024 BFAM:	 6.490234375
16_1024_1024 BGFAM:	 6.73828125
=====================================================================================

num_banks: 16, img_hb: 1536, img_v: 1536, num_bankgroups: 4, super_page_size: 32768, k: 1
=====================================================================================
16_1536_1536 LIAM:	 8.408854166666666
16_1536_1536 BFAM:	 7.786024305555555
16_1536_1536 BGFAM:	 8.222005208333334
=====================================================================================

num_banks: 16, img_hb: 2048, img_v: 2048, num_bankgroups: 4, super_page_size: 32768, k: 1
=====================================================================================
16_2048_2048 LIAM:	 9.994140625
16_2048_2048 BFAM:	 7.4990234375
16_2048_2048 BGFAM:	 7.74853515625
=====================================================================================

num_banks: 16, img_hb: 2560, img_v: 2560, num_bankgroups: 4, super_page_size: 32768, k: 1
=====================================================================================
16_2560_2560 LIAM:	 10.44625
16_2560_2560 BFAM:	 10.82078125
16_2560_2560 BGFAM:	 10.633515625
=====================================================================================

num_banks: 16, img_hb: 3072, img_v: 3072, num_bankgroups: 4, super_page_size: 32768, k: 1
=====================================================================================
16_3072_3072 LIAM:	 11.32986111111111
16_3072_3072 BFAM:	 11.579644097222221
16_3072_3072 BGFAM:	 8.082899305555555
=====================================================================================

num_banks: 16, img_hb: 3584, img_v: 3584, num_bankgroups: 4, super_page_size: 32768, k: 1
=====================================================================================
16_3584_3584 LIAM:	 11.782684948979592
16_3584_3584 BFAM:	 11.782684948979592
16_3584_3584 BGFAM:	 11.782764668367347
=====================================================================================

num_banks: 16, img_hb: 4096, img_v: 4096, num_bankgroups: 4, super_page_size: 32768, k: 1
=====================================================================================
16_4096_4096 LIAM:	 7.5
16_4096_4096 BFAM:	 7.5
16_4096_4096 BGFAM:	 10.99853515625
=====================================================================================

num_banks: 16, img_hb: 4608, img_v: 4608, num_bankgroups: 4, super_page_size: 32768, k: 1
=====================================================================================
16_4608_4608 LIAM:	 12.38647762345679
16_4608_4608 BFAM:	 12.38647762345679
16_4608_4608 BGFAM:	 12.386525848765432
=====================================================================================

num_banks: 16, img_hb: 5120, img_v: 5120, num_bankgroups: 4, super_page_size: 32768, k: 1
=====================================================================================
16_5120_5120 LIAM:	 12.59796875
16_5120_5120 BFAM:	 12.348046875
16_5120_5120 BGFAM:	 12.5978125
=====================================================================================

num_banks: 16, img_hb: 5632, img_v: 5632, num_bankgroups: 4, super_page_size: 32768, k: 1
=====================================================================================
16_5632_5632 LIAM:	 12.520983987603305
16_5632_5632 BFAM:	 12.146080836776859
16_5632_5632 BGFAM:	 12.395919421487603
=====================================================================================

num_banks: 16, img_hb: 6144, img_v: 6144, num_bankgroups: 4, super_page_size: 32768, k: 1
=====================================================================================
16_6144_6144 LIAM:	 13.331380208333334
16_6144_6144 BFAM:	 10.832139756944445
16_6144_6144 BGFAM:	 8.083170572916666
=====================================================================================

num_banks: 16, img_hb: 6656, img_v: 6656, num_bankgroups: 4, super_page_size: 32768, k: 1
=====================================================================================
16_6656_6656 LIAM:	 13.286704881656805
16_6656_6656 BFAM:	 12.911912906804734
16_6656_6656 BGFAM:	 12.162051590236686
=====================================================================================

num_banks: 16, img_hb: 7168, img_v: 7168, num_bankgroups: 4, super_page_size: 32768, k: 1
=====================================================================================
16_7168_7168 LIAM:	 13.14126275510204
16_7168_7168 BFAM:	 13.391302614795919
16_7168_7168 BGFAM:	 11.891561702806122
=====================================================================================

num_banks: 16, img_hb: 7680, img_v: 7680, num_bankgroups: 4, super_page_size: 32768, k: 1
=====================================================================================
16_7680_7680 LIAM:	 12.232118055555556
16_7680_7680 BFAM:	 13.231909722222222
16_7680_7680 BGFAM:	 13.419314236111111
=====================================================================================

num_banks: 16, img_hb: 8192, img_v: 8192, num_bankgroups: 4, super_page_size: 32768, k: 1
=====================================================================================
16_8192_8192 LIAM:	 6.7501220703125
16_8192_8192 BFAM:	 8.75
16_8192_8192 BGFAM:	 13.74853515625
=====================================================================================

num_banks: 16, img_hb: 8704, img_v: 8704, num_bankgroups: 4, super_page_size: 32768, k: 1
=====================================================================================
16_8704_8704 LIAM:	 12.381244593425606
16_8704_8704 BFAM:	 13.381082396193772
16_8704_8704 BGFAM:	 13.193697285899654
=====================================================================================

num_banks: 16, img_hb: 9216, img_v: 9216, num_bankgroups: 4, super_page_size: 32768, k: 1
=====================================================================================
16_9216_9216 LIAM:	 13.443190586419753
16_9216_9216 BFAM:	 13.693214699074074
16_9216_9216 BGFAM:	 12.318660783179013
=====================================================================================

num_banks: 16, img_hb: 9728, img_v: 9728, num_bankgroups: 4, super_page_size: 32768, k: 1
=====================================================================================
16_9728_9728 LIAM:	 13.748788088642659
16_9728_9728 BFAM:	 13.373928756925208
16_9728_9728 BGFAM:	 13.623842191828254
=====================================================================================

num_banks: 16, img_hb: 10240, img_v: 10240, num_bankgroups: 4, super_page_size: 32768, k: 1
=====================================================================================
16_10240_10240 LIAM:	 13.998828125
16_10240_10240 BFAM:	 11.4994921875
16_10240_10240 BGFAM:	 11.4993359375
=====================================================================================

num_banks: 16, img_hb: 10752, img_v: 10752, num_bankgroups: 4, super_page_size: 32768, k: 1
=====================================================================================
16_10752_10752 LIAM:	 13.344334608843537
16_10752_10752 BFAM:	 12.969396612811792
16_10752_10752 BGFAM:	 12.96938775510204
=====================================================================================

num_banks: 16, img_hb: 11264, img_v: 11264, num_bankgroups: 4, super_page_size: 32768, k: 1
=====================================================================================
16_11264_11264 LIAM:	 13.63542742768595
16_11264_11264 BFAM:	 13.385443569214877
16_11264_11264 BGFAM:	 13.385459710743802
=====================================================================================

num_banks: 16, img_hb: 11776, img_v: 11776, num_bankgroups: 4, super_page_size: 32768, k: 1
=====================================================================================
16_11776_11776 LIAM:	 13.672982632325143
16_11776_11776 BFAM:	 13.672953095463138
16_11776_11776 BGFAM:	 13.797938327032137
=====================================================================================

num_banks: 16, img_hb: 12288, img_v: 12288, num_bankgroups: 4, super_page_size: 32768, k: 1
=====================================================================================
16_12288_12288 LIAM:	 9.166666666666666
16_12288_12288 BFAM:	 9.166558159722221
16_12288_12288 BGFAM:	 10.66628689236111
=====================================================================================

num_banks: 16, img_hb: 12800, img_v: 12800, num_bankgroups: 4, super_page_size: 32768, k: 1
=====================================================================================
16_12800_12800 LIAM:	 13.7391375
16_12800_12800 BFAM:	 13.7391125
16_12800_12800 BGFAM:	 12.8643
=====================================================================================

num_banks: 16, img_hb: 13312, img_v: 13312, num_bankgroups: 4, super_page_size: 32768, k: 1
=====================================================================================
16_13312_13312 LIAM:	 13.768444896449704
16_13312_13312 BFAM:	 14.018340883875739
16_13312_13312 BGFAM:	 10.019034301035504
=====================================================================================

num_banks: 16, img_hb: 13824, img_v: 13824, num_bankgroups: 4, super_page_size: 32768, k: 1
=====================================================================================
16_13824_13824 LIAM:	 13.545588991769547
16_13824_13824 BFAM:	 13.920465749314129
16_13824_13824 BGFAM:	 13.607995220336077
=====================================================================================

num_banks: 16, img_hb: 14336, img_v: 14336, num_bankgroups: 4, super_page_size: 32768, k: 1
=====================================================================================
16_14336_14336 LIAM:	 14.284877232142858
16_14336_14336 BFAM:	 11.785255899234693
16_14336_14336 BGFAM:	 12.535066565688776
=====================================================================================

num_banks: 16, img_hb: 14848, img_v: 14848, num_bankgroups: 4, super_page_size: 32768, k: 1
=====================================================================================
16_14848_14848 LIAM:	 14.094037975624257
16_14848_14848 BFAM:	 13.469135515755054
16_14848_14848 BGFAM:	 13.78160996953032
=====================================================================================

num_banks: 16, img_hb: 15360, img_v: 15360, num_bankgroups: 4, super_page_size: 32768, k: 1
=====================================================================================
16_15360_15360 LIAM:	 13.865920138888889
16_15360_15360 BFAM:	 13.615963541666666
16_15360_15360 BGFAM:	 13.865963541666666
=====================================================================================

num_banks: 16, img_hb: 15872, img_v: 15872, num_bankgroups: 4, super_page_size: 32768, k: 1
=====================================================================================
16_15872_15872 LIAM:	 12.886503316857441
16_15872_15872 BFAM:	 12.886503316857441
16_15872_15872 BGFAM:	 13.636438280437044
=====================================================================================

num_banks: 16, img_hb: 16384, img_v: 16384, num_bankgroups: 4, super_page_size: 32768, k: 2
=====================================================================================
16_16384_16384 LIAM:	 7.37506103515625
16_16384_16384 BFAM:	 9.375
16_16384_16384 BGFAM:	 14.374267578125
=====================================================================================

num_banks: 32, img_hb: 1024, img_v: 1024, num_bankgroups: 8, super_page_size: 65536, k: 1
=====================================================================================
32_1024_1024 LIAM:	 14.6953125
32_1024_1024 BFAM:	 14.44921875
32_1024_1024 BGFAM:	 14.6953125
=====================================================================================

num_banks: 32, img_hb: 2048, img_v: 2048, num_bankgroups: 8, super_page_size: 65536, k: 1
=====================================================================================
32_2048_2048 LIAM:	 17.97265625
32_2048_2048 BFAM:	 13.490234375
32_2048_2048 BGFAM:	 15.35791015625
=====================================================================================

num_banks: 32, img_hb: 3072, img_v: 3072, num_bankgroups: 8, super_page_size: 65536, k: 1
=====================================================================================
32_3072_3072 LIAM:	 21.31597222222222
32_3072_3072 BFAM:	 21.565538194444443
32_3072_3072 BGFAM:	 21.37836371527778
=====================================================================================

num_banks: 32, img_hb: 4096, img_v: 4096, num_bankgroups: 8, super_page_size: 65536, k: 1
=====================================================================================
32_4096_4096 LIAM:	 16.498046875
32_4096_4096 BFAM:	 16.498046875
32_4096_4096 BGFAM:	 23.24072265625
=====================================================================================

num_banks: 32, img_hb: 5120, img_v: 5120, num_bankgroups: 8, super_page_size: 65536, k: 1
=====================================================================================
32_5120_5120 LIAM:	 27.789375
32_5120_5120 BFAM:	 28.03921875
32_5120_5120 BGFAM:	 27.2273828125
=====================================================================================

num_banks: 32, img_hb: 6144, img_v: 6144, num_bankgroups: 8, super_page_size: 65536, k: 1
=====================================================================================
32_6144_6144 LIAM:	 29.990885416666668
32_6144_6144 BFAM:	 25.494140625
32_6144_6144 BGFAM:	 27.24392361111111
=====================================================================================

num_banks: 32, img_hb: 7168, img_v: 7168, num_bankgroups: 8, super_page_size: 65536, k: 1
=====================================================================================
32_7168_7168 LIAM:	 30.849808673469386
32_7168_7168 BFAM:	 31.099410076530614
32_7168_7168 BGFAM:	 19.98142538265306
=====================================================================================

num_banks: 32, img_hb: 8192, img_v: 8192, num_bankgroups: 8, super_page_size: 65536, k: 1
=====================================================================================
32_8192_8192 LIAM:	 19.25
32_8192_8192 BFAM:	 19.25
32_8192_8192 BGFAM:	 30.74462890625
=====================================================================================

num_banks: 32, img_hb: 9216, img_v: 9216, num_bankgroups: 8, super_page_size: 65536, k: 1
=====================================================================================
32_9216_9216 LIAM:	 32.549864969135804
32_9216_9216 BFAM:	 32.29991319444444
32_9216_9216 BGFAM:	 32.549672067901234
=====================================================================================

num_banks: 32, img_hb: 10240, img_v: 10240, num_bankgroups: 8, super_page_size: 65536, k: 1
=====================================================================================
32_10240_10240 LIAM:	 33.59453125
32_10240_10240 BFAM:	 29.097109375
32_10240_10240 BGFAM:	 31.0959375
=====================================================================================

num_banks: 32, img_hb: 11264, img_v: 11264, num_bankgroups: 8, super_page_size: 65536, k: 1
=====================================================================================
32_11264_11264 LIAM:	 33.63152117768595
32_11264_11264 BFAM:	 33.381618026859506
32_11264_11264 BGFAM:	 31.63244124483471
=====================================================================================

num_banks: 32, img_hb: 12288, img_v: 12288, num_bankgroups: 8, super_page_size: 65536, k: 1
=====================================================================================
32_12288_12288 LIAM:	 25.499348958333332
32_12288_12288 BFAM:	 25.498914930555557
32_12288_12288 BGFAM:	 31.24712456597222
=====================================================================================

num_banks: 32, img_hb: 13312, img_v: 13312, num_bankgroups: 8, super_page_size: 65536, k: 1
=====================================================================================
32_13312_13312 LIAM:	 34.38059356508876
32_13312_13312 BFAM:	 34.13066290680474
32_13312_13312 BGFAM:	 34.442949103180474
=====================================================================================

num_banks: 32, img_hb: 14336, img_v: 14336, num_bankgroups: 8, super_page_size: 65536, k: 1
=====================================================================================
32_14336_14336 LIAM:	 35.138950892857146
32_14336_14336 BFAM:	 30.640505420918366
32_14336_14336 BGFAM:	 22.017508370535715
=====================================================================================

num_banks: 32, img_hb: 15360, img_v: 15360, num_bankgroups: 8, super_page_size: 65536, k: 1
=====================================================================================
32_15360_15360 LIAM:	 34.929722222222225
32_15360_15360 BFAM:	 35.17980902777778
32_15360_15360 BGFAM:	 33.30509982638889
=====================================================================================

num_banks: 32, img_hb: 16384, img_v: 16384, num_bankgroups: 8, super_page_size: 65536, k: 1
=====================================================================================
32_16384_16384 LIAM:	 20.62506103515625
32_16384_16384 BFAM:	 22.625
32_16384_16384 BGFAM:	 35.62158203125
=====================================================================================

num_banks: 32, img_hb: 17408, img_v: 17408, num_bankgroups: 8, super_page_size: 65536, k: 1
=====================================================================================
32_17408_17408 LIAM:	 35.34975129757785
32_17408_17408 BFAM:	 35.599818879757784
32_17408_17408 BGFAM:	 35.41234929173876
=====================================================================================

num_banks: 32, img_hb: 18432, img_v: 18432, num_bankgroups: 8, super_page_size: 65536, k: 1
=====================================================================================
32_18432_18432 LIAM:	 35.99696180555556
32_18432_18432 BFAM:	 31.49833622685185
32_18432_18432 BGFAM:	 31.498191550925927
=====================================================================================

num_banks: 32, img_hb: 19456, img_v: 19456, num_bankgroups: 8, super_page_size: 65536, k: 1
=====================================================================================
32_19456_19456 LIAM:	 35.681462084487535
32_19456_19456 BFAM:	 35.431494546398895
32_19456_19456 BGFAM:	 31.370317369286703
=====================================================================================

num_banks: 32, img_hb: 20480, img_v: 20480, num_bankgroups: 8, super_page_size: 65536, k: 1
=====================================================================================
32_20480_20480 LIAM:	 27.299609375
32_20480_20480 BFAM:	 27.299453125
32_20480_20480 BGFAM:	 31.04873046875
=====================================================================================

num_banks: 32, img_hb: 21504, img_v: 21504, num_bankgroups: 8, super_page_size: 65536, k: 1
=====================================================================================
32_21504_21504 LIAM:	 35.94984764739229
32_21504_21504 BFAM:	 35.69990965136054
32_21504_21504 BGFAM:	 28.32646417942177
=====================================================================================

num_banks: 32, img_hb: 22528, img_v: 22528, num_bankgroups: 8, super_page_size: 65536, k: 1
=====================================================================================
32_22528_22528 LIAM:	 36.54296875
32_22528_22528 BFAM:	 32.043985666322314
32_22528_22528 BGFAM:	 33.29354177427686
=====================================================================================

num_banks: 32, img_hb: 23552, img_v: 23552, num_bankgroups: 8, super_page_size: 65536, k: 1
=====================================================================================
32_23552_23552 LIAM:	 36.171683010396976
32_23552_23552 BFAM:	 35.921690394612476
32_23552_23552 BGFAM:	 36.046653473534974
=====================================================================================

num_banks: 32, img_hb: 24576, img_v: 24576, num_bankgroups: 8, super_page_size: 65536, k: 1
=====================================================================================
32_24576_24576 LIAM:	 23.75
32_24576_24576 BFAM:	 23.74994574652778
32_24576_24576 BGFAM:	 31.24875217013889
=====================================================================================

num_banks: 32, img_hb: 25600, img_v: 25600, num_bankgroups: 8, super_page_size: 65536, k: 1
=====================================================================================
32_25600_25600 LIAM:	 36.35795
32_25600_25600 BFAM:	 36.60781875
32_25600_25600 BGFAM:	 30.10919375
=====================================================================================

num_banks: 32, img_hb: 26624, img_v: 26624, num_bankgroups: 8, super_page_size: 65536, k: 1
=====================================================================================
32_26624_26624 LIAM:	 36.92097355769231
32_26624_26624 BFAM:	 32.421909670857985
32_26624_26624 BGFAM:	 33.17189233542899
=====================================================================================

num_banks: 32, img_hb: 27648, img_v: 27648, num_bankgroups: 8, super_page_size: 65536, k: 1
=====================================================================================
32_27648_27648 LIAM:	 36.51654663923183
32_27648_27648 BFAM:	 36.766541280864196
32_27648_27648 BGFAM:	 36.641509130658434
=====================================================================================

num_banks: 32, img_hb: 28672, img_v: 28672, num_bankgroups: 8, super_page_size: 65536, k: 1
=====================================================================================
32_28672_28672 LIAM:	 28.071149553571427
32_28672_28672 BFAM:	 28.07099011479592
32_28672_28672 BGFAM:	 25.821000079719386
=====================================================================================

num_banks: 32, img_hb: 29696, img_v: 29696, num_bankgroups: 8, super_page_size: 65536, k: 1
=====================================================================================
32_29696_29696 LIAM:	 36.65337024375743
32_29696_29696 BFAM:	 36.9033098617717
32_29696_29696 BGFAM:	 31.71648683672711
=====================================================================================

num_banks: 32, img_hb: 30720, img_v: 30720, num_bankgroups: 8, super_page_size: 65536, k: 1
=====================================================================================
32_30720_30720 LIAM:	 37.198177083333334
32_30720_30720 BFAM:	 32.698932291666665
32_30720_30720 BGFAM:	 35.323391927083335
=====================================================================================

num_banks: 32, img_hb: 31744, img_v: 31744, num_bankgroups: 8, super_page_size: 65536, k: 1
=====================================================================================
32_31744_31744 LIAM:	 36.77244569458897
32_31744_31744 BFAM:	 36.522498536680544
32_31744_31744 BGFAM:	 34.96035115602237
=====================================================================================

num_banks: 32, img_hb: 32768, img_v: 32768, num_bankgroups: 8, super_page_size: 65536, k: 2
=====================================================================================
32_32768_32768 LIAM:	 22.312530517578125
32_32768_32768 BFAM:	 24.3125
32_32768_32768 BGFAM:	 37.310791015625
=====================================================================================

num_banks: 48, img_hb: 1536, img_v: 1536, num_bankgroups: 12, super_page_size: 98304, k: 1
=====================================================================================
48_1536_1536 LIAM:	 24.330729166666668
48_1536_1536 BFAM:	 19.75390625
48_1536_1536 BGFAM:	 24.330729166666668
=====================================================================================

num_banks: 48, img_hb: 3072, img_v: 3072, num_bankgroups: 12, super_page_size: 98304, k: 1
=====================================================================================
48_3072_3072 LIAM:	 20.817708333333332
48_3072_3072 BFAM:	 21.31640625
48_3072_3072 BGFAM:	 29.33322482638889
=====================================================================================

num_banks: 48, img_hb: 4608, img_v: 4608, num_bankgroups: 12, super_page_size: 98304, k: 1
=====================================================================================
48_4608_4608 LIAM:	 35.02729552469136
48_4608_4608 BFAM:	 30.792775848765434
48_4608_4608 BGFAM:	 34.382595486111114
=====================================================================================

num_banks: 48, img_hb: 6144, img_v: 6144, num_bankgroups: 12, super_page_size: 98304, k: 1
=====================================================================================
48_6144_6144 LIAM:	 24.343098958333332
48_6144_6144 BFAM:	 24.34124077690972
48_6144_6144 BGFAM:	 39.057047526041664
=====================================================================================

num_banks: 48, img_hb: 7680, img_v: 7680, num_bankgroups: 12, super_page_size: 98304, k: 1
=====================================================================================
48_7680_7680 LIAM:	 45.46625
48_7680_7680 BFAM:	 40.9803125
48_7680_7680 BGFAM:	 44.2571875
=====================================================================================

num_banks: 48, img_hb: 9216, img_v: 9216, num_bankgroups: 12, super_page_size: 98304, k: 1
=====================================================================================
48_9216_9216 LIAM:	 39.62789351851852
48_9216_9216 BFAM:	 40.11371527777778
48_9216_9216 BGFAM:	 46.886429398148145
=====================================================================================

num_banks: 48, img_hb: 10752, img_v: 10752, num_bankgroups: 12, super_page_size: 98304, k: 1
=====================================================================================
48_10752_10752 LIAM:	 50.15385841836735
48_10752_10752 BFAM:	 45.91733099489796
48_10752_10752 BGFAM:	 50.19469246031746
=====================================================================================

num_banks: 48, img_hb: 12288, img_v: 12288, num_bankgroups: 12, super_page_size: 98304, k: 1
=====================================================================================
48_12288_12288 LIAM:	 31.180338541666668
48_12288_12288 BFAM:	 31.17938232421875
48_12288_12288 BGFAM:	 50.644510904947914
=====================================================================================

num_banks: 48, img_hb: 13824, img_v: 13824, num_bankgroups: 12, super_page_size: 98304, k: 1
=====================================================================================
48_13824_13824 LIAM:	 52.89859825102881
48_13824_13824 BFAM:	 48.53991448045267
48_13824_13824 BGFAM:	 52.87407836076817
=====================================================================================

num_banks: 48, img_hb: 15360, img_v: 15360, num_bankgroups: 12, super_page_size: 98304, k: 1
=====================================================================================
48_15360_15360 LIAM:	 45.39477430555556
48_15360_15360 BFAM:	 45.87515190972222
48_15360_15360 BGFAM:	 50.56224826388889
=====================================================================================

num_banks: 48, img_hb: 16896, img_v: 16896, num_bankgroups: 12, super_page_size: 98304, k: 1
=====================================================================================
48_16896_16896 LIAM:	 54.89361656336088
48_16896_16896 BFAM:	 50.28856749311295
48_16896_16896 BGFAM:	 42.421292111455465
=====================================================================================

num_banks: 48, img_hb: 18432, img_v: 18432, num_bankgroups: 12, super_page_size: 98304, k: 1
=====================================================================================
48_18432_18432 LIAM:	 38.814236111111114
48_18432_18432 BFAM:	 38.810049551504626
48_18432_18432 BGFAM:	 51.25465072820216
=====================================================================================

num_banks: 48, img_hb: 19968, img_v: 19968, num_bankgroups: 12, super_page_size: 98304, k: 1
=====================================================================================
48_19968_19968 LIAM:	 55.85089990138067
48_19968_19968 BFAM:	 51.49667159763314
48_19968_19968 BGFAM:	 51.61712586291913
=====================================================================================

num_banks: 48, img_hb: 21504, img_v: 21504, num_bankgroups: 12, super_page_size: 98304, k: 1
=====================================================================================
48_21504_21504 LIAM:	 47.87636408730159
48_21504_21504 BFAM:	 48.3515447845805
48_21504_21504 BGFAM:	 56.367154283588434
=====================================================================================

num_banks: 48, img_hb: 23040, img_v: 23040, num_bankgroups: 12, super_page_size: 98304, k: 1
=====================================================================================
48_23040_23040 LIAM:	 56.97971450617284
48_23040_23040 BFAM:	 52.51317322530864
48_23040_23040 BGFAM:	 51.28147762345679
=====================================================================================

num_banks: 48, img_hb: 24576, img_v: 24576, num_bankgroups: 12, super_page_size: 98304, k: 1
=====================================================================================
48_24576_24576 LIAM:	 34.6002197265625
48_24576_24576 BFAM:	 36.614095052083336
48_24576_24576 BGFAM:	 57.554789225260414
=====================================================================================

num_banks: 48, img_hb: 26112, img_v: 26112, num_bankgroups: 12, super_page_size: 98304, k: 1
=====================================================================================
48_26112_26112 LIAM:	 57.661536428296806
48_26112_26112 BFAM:	 53.19394884179162
48_26112_26112 BGFAM:	 57.27011996587851
=====================================================================================

num_banks: 48, img_hb: 27648, img_v: 27648, num_bankgroups: 12, super_page_size: 98304, k: 1
=====================================================================================
48_27648_27648 LIAM:	 49.257303455075444
48_27648_27648 BFAM:	 49.72644193672839
48_27648_27648 BGFAM:	 57.52927343214163
=====================================================================================

num_banks: 48, img_hb: 29184, img_v: 29184, num_bankgroups: 12, super_page_size: 98304, k: 1
=====================================================================================
48_29184_29184 LIAM:	 57.94983071714373
48_29184_29184 BFAM:	 53.608759425977226
48_29184_29184 BGFAM:	 57.85232295033087
=====================================================================================

num_banks: 48, img_hb: 30720, img_v: 30720, num_bankgroups: 12, super_page_size: 98304, k: 1
=====================================================================================
48_30720_30720 LIAM:	 41.72838541666667
48_30720_30720 BFAM:	 41.72048936631944
48_30720_30720 BGFAM:	 53.86241102430556
=====================================================================================

num_banks: 48, img_hb: 32256, img_v: 32256, num_bankgroups: 12, super_page_size: 98304, k: 1
=====================================================================================
48_32256_32256 LIAM:	 58.63482024754346
48_32256_32256 BFAM:	 54.04154265873016
48_32256_32256 BGFAM:	 58.44375600355883
=====================================================================================

num_banks: 48, img_hb: 33792, img_v: 33792, num_bankgroups: 12, super_page_size: 98304, k: 1
=====================================================================================
48_33792_33792 LIAM:	 50.14226784894399
48_33792_33792 BFAM:	 50.60735103162305
48_33792_33792 BGFAM:	 43.352096067206155
=====================================================================================

num_banks: 48, img_hb: 35328, img_v: 35328, num_bankgroups: 12, super_page_size: 98304, k: 1
=====================================================================================
48_35328_35328 LIAM:	 58.739353602184416
48_35328_35328 BFAM:	 54.404248877599244
48_35328_35328 BGFAM:	 58.34468492372926
=====================================================================================

num_banks: 48, img_hb: 36864, img_v: 36864, num_bankgroups: 12, super_page_size: 98304, k: 1
=====================================================================================
48_36864_36864 LIAM:	 38.43446180555556
48_36864_36864 BFAM:	 38.43248682846258
48_36864_36864 BGFAM:	 50.394871841242285
=====================================================================================

num_banks: 48, img_hb: 38400, img_v: 38400, num_bankgroups: 12, super_page_size: 98304, k: 1
=====================================================================================
48_38400_38400 LIAM:	 59.044494444444446
48_38400_38400 BFAM:	 54.83097569444445
48_38400_38400 BGFAM:	 58.95698333333333
=====================================================================================

num_banks: 48, img_hb: 39936, img_v: 39936, num_bankgroups: 12, super_page_size: 98304, k: 1
=====================================================================================
48_39936_39936 LIAM:	 50.7606323964497
48_39936_39936 BFAM:	 51.21222417406312
48_39936_39936 BGFAM:	 51.16041275014382
=====================================================================================

num_banks: 48, img_hb: 41472, img_v: 41472, num_bankgroups: 12, super_page_size: 98304, k: 1
=====================================================================================
48_41472_41472 LIAM:	 59.54900048582533
48_41472_41472 BFAM:	 55.090681441472334
48_41472_41472 BGFAM:	 59.20645016479957
=====================================================================================

num_banks: 48, img_hb: 43008, img_v: 43008, num_bankgroups: 12, super_page_size: 98304, k: 1
=====================================================================================
48_43008_43008 LIAM:	 42.991536458333336
48_43008_43008 BFAM:	 42.98167948820153
48_43008_43008 BGFAM:	 55.63954103776928
=====================================================================================

num_banks: 48, img_hb: 44544, img_v: 44544, num_bankgroups: 12, super_page_size: 98304, k: 1
=====================================================================================
48_44544_44544 LIAM:	 59.51646105826397
48_44544_44544 BFAM:	 55.31803088667591
48_44544_44544 BGFAM:	 58.936626267505616
=====================================================================================

num_banks: 48, img_hb: 46080, img_v: 46080, num_bankgroups: 12, super_page_size: 98304, k: 1
=====================================================================================
48_46080_46080 LIAM:	 51.21621527777778
48_46080_46080 BFAM:	 51.66339409722222
48_46080_46080 BGFAM:	 54.26174141589506
=====================================================================================

num_banks: 48, img_hb: 47616, img_v: 47616, num_bankgroups: 12, super_page_size: 98304, k: 1
=====================================================================================
48_47616_47616 LIAM:	 59.94373717337265
48_47616_47616 BFAM:	 55.37285605633599
48_47616_47616 BGFAM:	 59.374237402806685
=====================================================================================

num_banks: 48, img_hb: 49152, img_v: 49152, num_bankgroups: 12, super_page_size: 98304, k: 2
=====================================================================================
48_49152_49152 LIAM:	 37.32537841796875
48_49152_49152 BFAM:	 39.353190104166664
48_49152_49152 BGFAM:	 60.21235148111979
=====================================================================================

num_banks: 64, img_hb: 2048, img_v: 2048, num_bankgroups: 16, super_page_size: 131072, k: 1
=====================================================================================
64_2048_2048 LIAM:	 33.8828125
64_2048_2048 BFAM:	 25.44921875
64_2048_2048 BGFAM:	 31.09228515625
=====================================================================================

num_banks: 64, img_hb: 4096, img_v: 4096, num_bankgroups: 16, super_page_size: 131072, k: 1
=====================================================================================
64_4096_4096 LIAM:	 24.48828125
64_4096_4096 BFAM:	 24.48828125
64_4096_4096 BGFAM:	 38.82666015625
=====================================================================================

num_banks: 64, img_hb: 6144, img_v: 6144, num_bankgroups: 16, super_page_size: 131072, k: 1
=====================================================================================
64_6144_6144 LIAM:	 49.294270833333336
64_6144_6144 BFAM:	 40.80772569444444
64_6144_6144 BGFAM:	 27.766764322916668
=====================================================================================

num_banks: 64, img_hb: 8192, img_v: 8192, num_bankgroups: 16, super_page_size: 131072, k: 1
=====================================================================================
64_8192_8192 LIAM:	 32.2490234375
64_8192_8192 BFAM:	 32.2490234375
64_8192_8192 BGFAM:	 54.97509765625
=====================================================================================

num_banks: 64, img_hb: 10240, img_v: 10240, num_bankgroups: 16, super_page_size: 131072, k: 1
=====================================================================================
64_10240_10240 LIAM:	 63.1765625
64_10240_10240 BFAM:	 54.68671875
64_10240_10240 BGFAM:	 37.88603515625
=====================================================================================

num_banks: 64, img_hb: 12288, img_v: 12288, num_bankgroups: 16, super_page_size: 131072, k: 1
=====================================================================================
64_12288_12288 LIAM:	 50.162760416666664
64_12288_12288 BFAM:	 50.16102430555556
64_12288_12288 BGFAM:	 47.03846571180556
=====================================================================================

num_banks: 64, img_hb: 14336, img_v: 14336, num_bankgroups: 16, super_page_size: 131072, k: 1
=====================================================================================
64_14336_14336 LIAM:	 69.98325892857143
64_14336_14336 BFAM:	 61.48955676020408
64_14336_14336 BGFAM:	 66.11208545918367
=====================================================================================

num_banks: 64, img_hb: 16384, img_v: 16384, num_bankgroups: 16, super_page_size: 131072, k: 1
=====================================================================================
64_16384_16384 LIAM:	 43.125
64_16384_16384 BFAM:	 43.125
64_16384_16384 BGFAM:	 70.61181640625
=====================================================================================

num_banks: 64, img_hb: 18432, img_v: 18432, num_bankgroups: 16, super_page_size: 131072, k: 1
=====================================================================================
64_18432_18432 LIAM:	 73.76475694444444
64_18432_18432 BFAM:	 65.27020640432099
64_18432_18432 BGFAM:	 55.08736617476852
=====================================================================================

num_banks: 64, img_hb: 20480, img_v: 20480, num_bankgroups: 16, super_page_size: 131072, k: 1
=====================================================================================
64_20480_20480 LIAM:	 58.09765625
64_20480_20480 BFAM:	 58.09703125
64_20480_20480 BGFAM:	 51.47353515625
=====================================================================================

num_banks: 64, img_hb: 22528, img_v: 22528, num_bankgroups: 16, super_page_size: 131072, k: 1
=====================================================================================
64_22528_22528 LIAM:	 76.17116477272727
64_22528_22528 BFAM:	 67.67526472107438
64_22528_22528 BGFAM:	 70.4244576446281
=====================================================================================

num_banks: 64, img_hb: 24576, img_v: 24576, num_bankgroups: 16, super_page_size: 131072, k: 1
=====================================================================================
64_24576_24576 LIAM:	 52.0830078125
64_24576_24576 BFAM:	 52.082790798611114
64_24576_24576 BGFAM:	 59.83056640625
=====================================================================================

num_banks: 64, img_hb: 26624, img_v: 26624, num_bankgroups: 16, super_page_size: 131072, k: 1
=====================================================================================
64_26624_26624 LIAM:	 77.83713942307692
64_26624_26624 BFAM:	 69.34086076183432
64_26624_26624 BGFAM:	 71.33977440828403
=====================================================================================

num_banks: 64, img_hb: 28672, img_v: 28672, num_bankgroups: 16, super_page_size: 131072, k: 1
=====================================================================================
64_28672_28672 LIAM:	 61.498325892857146
64_28672_28672 BFAM:	 61.497688137755105
64_28672_28672 BGFAM:	 74.36869220344387
=====================================================================================

num_banks: 64, img_hb: 30720, img_v: 30720, num_bankgroups: 16, super_page_size: 131072, k: 1
=====================================================================================
64_30720_30720 LIAM:	 79.05885416666666
64_30720_30720 BFAM:	 70.5618923611111
64_30720_30720 BGFAM:	 50.003743489583336
=====================================================================================

num_banks: 64, img_hb: 32768, img_v: 32768, num_bankgroups: 16, super_page_size: 131072, k: 1
=====================================================================================
64_32768_32768 LIAM:	 48.562530517578125
64_32768_32768 BFAM:	 50.5625
64_32768_32768 BGFAM:	 79.55517578125
=====================================================================================

num_banks: 64, img_hb: 34816, img_v: 34816, num_bankgroups: 16, super_page_size: 131072, k: 1
=====================================================================================
64_34816_34816 LIAM:	 79.99310661764706
64_34816_34816 BFAM:	 71.49593155276817
64_34816_34816 BGFAM:	 71.49579638840831
=====================================================================================

num_banks: 64, img_hb: 36864, img_v: 36864, num_bankgroups: 16, super_page_size: 131072, k: 1
=====================================================================================
64_36864_36864 LIAM:	 63.38758680555556
64_36864_36864 BFAM:	 63.38720100308642
64_36864_36864 BGFAM:	 66.01126663773148
=====================================================================================

num_banks: 64, img_hb: 38912, img_v: 38912, num_bankgroups: 16, super_page_size: 131072, k: 1
=====================================================================================
64_38912_38912 LIAM:	 80.73067434210526
64_38912_38912 BFAM:	 72.23308734418282
64_38912_38912 BGFAM:	 74.48210807652355
=====================================================================================

num_banks: 64, img_hb: 40960, img_v: 40960, num_bankgroups: 16, super_page_size: 131072, k: 1
=====================================================================================
64_40960_40960 LIAM:	 56.0498046875
64_40960_40960 BFAM:	 56.0497265625
64_40960_40960 BGFAM:	 60.79853515625
=====================================================================================

num_banks: 64, img_hb: 43008, img_v: 43008, num_bankgroups: 16, super_page_size: 131072, k: 1
=====================================================================================
64_43008_43008 LIAM:	 81.32775297619048
64_43008_43008 BFAM:	 72.83002940759637
64_43008_43008 BGFAM:	 68.39325241815476
=====================================================================================

num_banks: 64, img_hb: 45056, img_v: 45056, num_bankgroups: 16, super_page_size: 131072, k: 1
=====================================================================================
64_45056_45056 LIAM:	 64.58984375
64_45056_45056 BFAM:	 64.58945635330579
64_45056_45056 BGFAM:	 75.46247498063016
=====================================================================================

num_banks: 64, img_hb: 47104, img_v: 47104, num_bankgroups: 16, super_page_size: 131072, k: 1
=====================================================================================
64_47104_47104 LIAM:	 81.8209918478261
64_47104_47104 BFAM:	 73.32299297022685
64_47104_47104 BGFAM:	 78.19660289165878
=====================================================================================

num_banks: 64, img_hb: 49152, img_v: 49152, num_bankgroups: 16, super_page_size: 131072, k: 1
=====================================================================================
64_49152_49152 LIAM:	 53.041666666666664
64_49152_49152 BFAM:	 53.04163953993056
64_49152_49152 BGFAM:	 70.53911675347223
=====================================================================================

num_banks: 64, img_hb: 51200, img_v: 51200, num_bankgroups: 16, super_page_size: 131072, k: 1
=====================================================================================
64_51200_51200 LIAM:	 82.2353125
64_51200_51200 BFAM:	 73.73721875
64_51200_51200 BGFAM:	 63.67603515625
=====================================================================================

num_banks: 64, img_hb: 53248, img_v: 53248, num_bankgroups: 16, super_page_size: 131072, k: 1
=====================================================================================
64_53248_53248 LIAM:	 65.42217548076923
64_53248_53248 BFAM:	 65.42189811390533
64_53248_53248 BGFAM:	 72.79589554826184
=====================================================================================

num_banks: 64, img_hb: 55296, img_v: 55296, num_bankgroups: 16, super_page_size: 131072, k: 1
=====================================================================================
64_55296_55296 LIAM:	 82.58825231481481
64_55296_55296 BFAM:	 74.08996163408779
64_55296_55296 BGFAM:	 72.52756679205247
=====================================================================================

num_banks: 64, img_hb: 57344, img_v: 57344, num_bankgroups: 16, super_page_size: 131072, k: 1
=====================================================================================
64_57344_57344 LIAM:	 57.74986049107143
64_57344_57344 BFAM:	 57.749780771683675
64_57344_57344 BGFAM:	 68.49847536670919
=====================================================================================

num_banks: 64, img_hb: 59392, img_v: 59392, num_bankgroups: 16, super_page_size: 131072, k: 1
=====================================================================================
64_59392_59392 LIAM:	 82.89251077586206
64_59392_59392 BFAM:	 74.39415037901308
64_59392_59392 BGFAM:	 77.9561771932595
=====================================================================================

num_banks: 64, img_hb: 61440, img_v: 61440, num_bankgroups: 16, super_page_size: 131072, k: 1
=====================================================================================
64_61440_61440 LIAM:	 66.03255208333333
64_61440_61440 BFAM:	 66.03227430555556
64_61440_61440 BGFAM:	 55.90787543402778
=====================================================================================

num_banks: 64, img_hb: 63488, img_v: 63488, num_bankgroups: 16, super_page_size: 131072, k: 1
=====================================================================================
64_63488_63488 LIAM:	 83.15751008064517
64_63488_63488 BFAM:	 74.65900185353799
64_63488_63488 BGFAM:	 81.22023923240765
=====================================================================================

num_banks: 64, img_hb: 65536, img_v: 65536, num_bankgroups: 16, super_page_size: 131072, k: 2
=====================================================================================
64_65536_65536 LIAM:	 52.28126525878906
64_65536_65536 BFAM:	 54.28125
64_65536_65536 BGFAM:	 83.277587890625
=====================================================================================

